<?xml version="1.0" encoding="UTF-8"?>
<!-- Generated by org.testng.reporters.JUnitXMLReporter -->
<testsuite hostname="LAPTOP-A6RHJ6KB" ignored="0" name="com.crm.qa.testcases" tests="3" failures="0" timestamp="03 Oct 2018 06:45:12 GMT" time="32.062" errors="0">
  <testcase name="verifyContactsPageLabelTest" time="0.042" classname="com.crm.qa.testcases.ContactsPageTest"/>
  <testcase name="verifyHomePageTitleTest" time="0.009" classname="com.crm.qa.testcases.HomePageTest"/>
  <testcase name="loginPageTitleTest" time="0.011" classname="com.crm.qa.testcases.LoginPageTest"/>
</testsuite> <!-- com.crm.qa.testcases -->
