<?xml version="1.0" encoding="UTF-8"?>
<testng-results skipped="0" failed="0" ignored="0" total="1" passed="1">
  <reporter-output>
  </reporter-output>
  <suite name="Default suite" duration-ms="8955" started-at="2019-01-20T06:17:33Z" finished-at="2019-01-20T06:17:42Z">
    <groups>
    </groups>
    <test name="Default test" duration-ms="8955" started-at="2019-01-20T06:17:33Z" finished-at="2019-01-20T06:17:42Z">
      <class name="com.crm.qa.testcases.Selenium">
        <test-method status="PASS" signature="setUp()[pri:0, instance:com.crm.qa.testcases.Selenium@b7dd107]" name="setUp" is-config="true" duration-ms="8182" started-at="2019-01-20T06:17:33Z" finished-at="2019-01-20T06:17:42Z">
          <reporter-output>
          </reporter-output>
        </test-method> <!-- setUp -->
        <test-method status="PASS" signature="Test1()[pri:0, instance:com.crm.qa.testcases.Selenium@b7dd107]" name="Test1" duration-ms="21" started-at="2019-01-20T06:17:42Z" finished-at="2019-01-20T06:17:42Z">
          <reporter-output>
          </reporter-output>
        </test-method> <!-- Test1 -->
        <test-method status="PASS" signature="tearDown()[pri:0, instance:com.crm.qa.testcases.Selenium@b7dd107]" name="tearDown" is-config="true" duration-ms="729" started-at="2019-01-20T06:17:42Z" finished-at="2019-01-20T06:17:42Z">
          <reporter-output>
          </reporter-output>
        </test-method> <!-- tearDown -->
      </class> <!-- com.crm.qa.testcases.Selenium -->
    </test> <!-- Default test -->
  </suite> <!-- Default suite -->
</testng-results>
