<?xml version="1.0" encoding="UTF-8"?>
<!-- Generated by org.testng.reporters.JUnitXMLReporter -->
<testsuite hostname="LAPTOP-A6RHJ6KB" ignored="0" name="Different TestNG Feature test" tests="16" failures="0" timestamp="25 Sep 2018 01:06:34 GMT" time="11.071" errors="0">
  <testcase name="test1" time="0.007" classname="com.testNG.ExceptionTimeOutTest"/>
  <testcase name="googleLogoTest" time="0.059" classname="com.testNG.GoogleTitleTest"/>
  <testcase name="googleTitleTest" time="0.012" classname="com.testNG.GoogleTitleTest"/>
  <testcase name="sum" time="0.001" classname="com.testNG.InvocationCountTest"/>
  <testcase name="sum" time="0.001" classname="com.testNG.InvocationCountTest"/>
  <testcase name="sum" time="0.0" classname="com.testNG.InvocationCountTest"/>
  <testcase name="sum" time="0.001" classname="com.testNG.InvocationCountTest"/>
  <testcase name="sum" time="0.0" classname="com.testNG.InvocationCountTest"/>
  <testcase name="sum" time="0.002" classname="com.testNG.InvocationCountTest"/>
  <testcase name="sum" time="0.006" classname="com.testNG.InvocationCountTest"/>
  <testcase name="sum" time="0.002" classname="com.testNG.InvocationCountTest"/>
  <testcase name="sum" time="0.002" classname="com.testNG.InvocationCountTest"/>
  <testcase name="sum" time="0.002" classname="com.testNG.InvocationCountTest"/>
  <testcase name="googleTitleTest" time="0.001" classname="com.testNG.TestNGBasics"/>
  <testcase name="searchTest" time="0.003" classname="com.testNG.TestNGBasics"/>
  <testcase name="loginTest" time="0.006" classname="com.testNG.TestNGFeatures"/>
</testsuite> <!-- Different TestNG Feature test -->
