<?xml version="1.0" encoding="UTF-8"?>
<!-- Generated by org.testng.reporters.JUnitXMLReporter -->
<testsuite hostname="LAPTOP-A6RHJ6KB" ignored="0" name="FREE CRM App Test Cases" tests="4" failures="0" timestamp="03 Oct 2018 06:37:30 GMT" time="34.13" errors="0">
  <testcase name="loginPageTitleTest" time="0.044" classname="com.crm.qa.testcases.LoginPageTest"/>
  <testcase name="verifyHomePageTitleTest" time="0.009" classname="com.crm.qa.testcases.HomePageTest"/>
  <testcase name="verifyContactsPageLabelTest" time="0.039" classname="com.crm.qa.testcases.ContactsPageTest"/>
  <testcase name="crmLogoImageTest" time="0.049" classname="com.crm.qa.testcases.LoginPageTest"/>
</testsuite> <!-- FREE CRM App Test Cases -->
